[2026-02-15T08:12:34.567Z] Gateway initialization started
Configuring port 3000 and enabling CORS for client requests
Setting up middleware stack for request/response handling

[2026-02-15T08:12:45.123Z] Database connection established
{
  "status": "connected",
  "host": "localhost",
  "port": 5432,
  "database": "customer_db",
  "pool_size": 10,
  "idle_timeout_ms": 30000
}

[2026-02-15T08:13:02.456Z] Client request received
Method: POST
Path: /api/gateway/route
Headers: {"content-type": "application/json", "authorization": "Bearer token123"}

[2026-02-15T08:13:03.789Z] Request validation result{ "valid": true,
  "timestamp": "2026-02-15T08:13:03Z",
  "schema_version": "1.0",
  "validation_rules_applied": ["auth-check", "rate-limit",
   "schema-validation"],"warnings": []
}

[2026-02-15T08:13:15.234Z] Routing request to resource-a
Connection pool status: 8 active connections
Request queued with priority: HIGH
Estimated processing time: 245ms

[2026-02-15T08:13:16.890Z] Resource response received
{
  "status_code": 200,
  "response_time_ms": 1245,
  "data": {
    "user_id": "user_456",
    "action": "retrieve",
    "result_count": 42,
    "cached": false
  },
  "headers": {
    "content-length": "2048",
    "cache-control": "max-age=3600"
  }
}

[2026-02-15T08:13:17.456Z] Error encountered during response serialization
Error Type: SerializationError
Message: Unable to serialize BigInt field in response payload
Stack trace line 1: at formatResponse (gateway/handler.js:234)
Stack trace line 2: at processRequest (gateway/middleware.js:156)
Attempted fix: Converting BigInt to String representation

[2026-02-15T08:13:18.123Z] Response sent to client
Status Code: 200
Content-Length: 2104 bytes
Compression: gzip
Duration: 1589ms total (request validation: 123ms, processing: 1245ms, serialization: 221ms)

