[2026-02-15T08:00:00.000Z] Router service started
Version: 2.1.0
Configuration loaded from /etc/router/config.yaml
Environment: offline-client

[2026-02-15T08:05:30.123Z] Route table initialization
Available routes:
  - /api/resources -> resource-a (weight: 50)
  - /api/resources -> resource-b (weight: 50)
  - /api/gateway -> gateway (weight: 100)
  - /health-check -> internal (weight: 100)

[2026-02-15T08:10:15.567Z] Health check passed
{
  "service": "router",
  "status": "healthy",
  "uptime_seconds": 615,
  "memory_usage_mb": 145.32,
  "cpu_percent": 2.3,
  "active_connections": 12,
  "requests_per_second": 5.4
}

[2026-02-15T08:15:45.890Z] Load balancing event detected
Incoming request volume increased by 340%
Rebalancing across resource-a and resource-b
Old distribution: [55%, 45%] -> New distribution: [45%, 50%] (5% reserved buffer)

[2026-02-15T08:20:22.456Z] Circuit breaker activated for resource-b
Reason: Consecutive failures exceeding threshold (5 failures in 10 seconds)
Action: Rerouting traffic to resource-a temporarily
Monitoring period: 30 seconds

[2026-02-15T08:20:52.789Z] Circuit breaker reset
{
  "service": "resource-b",
  "state": "closed",
  "total_test_requests": 5,
  "successful_responses": 5,
  "failure_rate": 0.0,
  "ready_for_production": true
}

[2026-02-15T08:25:10.234Z] Routing metrics snapshot
{
  "timestamp": "2026-02-15T08:25:10Z",
  "total_requests_processed": 1248,
  "average_response_time_ms": 156,
  "p95_response_time_ms": 423,
  "p99_response_time_ms": 1205,
  "error_rate_percent": 0.08
}

