[2026-02-15T09:00:00.000Z] Online server gateway starting
Server version: 3.2.1
Node.js version: 18.14.0
Environment: production

[2026-02-15T09:00:30.123Z] SSL certificate validation
{
  "certificate_valid": true,
  "issuer": "Let's Encrypt",
  "expires": "2026-08-15T09:00:30Z",
  "days_until_expiry": 181,
  "issuer_chain_verified": true
}

[2026-02-15T09:15:20.456Z] Client connection established
Connection ID: conn_abcd1234
Client IP: 203.45.67.89
Protocol: HTTPS/2
Session established with TLS 1.3

[2026-02-15T09:15:21.789Z] Authentication request received
{
  "method": "oauth2",
  "provider": "google",
  "scopes": ["email", "profile"],
  "redirect_uri": "https://api.online.local/callback",
  "state": "state_xyz789",
  "code_challenge": "E9Mrozoa2owUednMg8_p7agoXQVjyskqFOK5zDS34fE"
}

[2026-02-15T09:15:35.234Z] Authentication token generated
{
  "token_type": "Bearer",
  "access_token": "eyJhbGciOiJIUzI1NiIsInR5cCI6IkpXVCJ9...",
  "expires_in": 3600,
  "refresh_token": "refresh_token_xyz...",
  "scope": "email profile"
}

[2026-02-15T09:20:10.567Z] API request: POST /api/data/submit
Content-Type: application/json
Request size: 15.4KB
Authenticated user: user_789@example.com

[2026-02-15T09:20:11.890Z] Request payload validation
{
  "schema_version": "2.0",
  "validation_passed": true,
  "warnings": ["deprecated_field: created_at should use created_timestamp"],
  "payload_hash": "sha256:abc123def456...",
  "is_retry": false
}

[2026-02-15T09:20:25.234Z] Data processing completed
Processed records: 1250
Successful: 1248
Failed: 2
Processing time: 13342ms
Database transactions: 1248 write operations, 0 rollbacks

[2026-02-15T09:20:26.123Z] Error log for failed records
Failed record 1:
  - ID: rec_00001
  - Error: Constraint violation - duplicate email
  - Action taken: Recorded in deadletter queue
Failed record 2:
  - ID: rec_00002
  - Error: Invalid date format in timestamp field
  - Action taken: Recorded in deadletter queue for manual review

[2026-02-15T09:20:26.789Z] Response sent to client
HTTP Status: 207 Multi-Status
Response payload size: 2.8KB
Content-Encoding: deflate
X-Processing-Duration: 15234ms

